[INFO ] 2021-05-03 19:32:46,724 [main | c.o.g.Config] Using 'jar:file:/opt/graphdb/dist/lib/graphdb-application-common-9.3.0.jar!/com/ontotext/graphdb/logback-ee.xml' as logback's configuration file for graphdb
[INFO ] 2021-05-03 19:32:48,036 [main | c.o.g.s.GraphDB] Starting GraphDB in workbench mode.
[INFO ] 2021-05-03 19:33:11,763 [main | c.o.g.Config] GraphDB Home directory: /opt/graphdb/home
[INFO ] 2021-05-03 19:33:11,769 [main | c.o.g.Config] GraphDB Config directory: /opt/graphdb/home/conf
[INFO ] 2021-05-03 19:33:11,771 [main | c.o.g.Config] GraphDB Data directory: /opt/graphdb/home/data
[INFO ] 2021-05-03 19:33:11,779 [main | c.o.g.Config] GraphDB Work directory: /opt/graphdb/home/work
[INFO ] 2021-05-03 19:33:11,784 [main | c.o.g.Config] GraphDB Logs directory: /opt/graphdb/home/logs
[INFO ] 2021-05-03 19:33:25,927 [main | c.o.g.s.GraphDB] Started GraphDB in workbench mode at port 7200.
[INFO ] 2021-05-03 20:11:36,061 [Thread-2 | c.o.g.s.GraphDB] Stopping GraphDB.
[INFO ] 2021-05-03 20:11:36,187 [Thread-2 | c.o.f.c.s.SemanticDataManagement] Shutting down current semantic location
[INFO ] 2021-05-03 20:12:47,309 [main | c.o.g.Config] Using 'jar:file:/opt/graphdb/dist/lib/graphdb-application-common-9.3.0.jar!/com/ontotext/graphdb/logback-ee.xml' as logback's configuration file for graphdb
[INFO ] 2021-05-03 20:12:48,528 [main | c.o.g.s.GraphDB] Starting GraphDB in workbench mode.
[INFO ] 2021-05-03 20:13:13,819 [main | c.o.g.Config] GraphDB Home directory: /opt/graphdb/home
[INFO ] 2021-05-03 20:13:13,826 [main | c.o.g.Config] GraphDB Config directory: /opt/graphdb/home/conf
[INFO ] 2021-05-03 20:13:13,827 [main | c.o.g.Config] GraphDB Data directory: /opt/graphdb/home/data
[INFO ] 2021-05-03 20:13:13,828 [main | c.o.g.Config] GraphDB Work directory: /opt/graphdb/home/work
[INFO ] 2021-05-03 20:13:13,828 [main | c.o.g.Config] GraphDB Logs directory: /opt/graphdb/home/logs
[INFO ] 2021-05-03 20:13:30,067 [main | c.o.g.s.GraphDB] Started GraphDB in workbench mode at port 7200.
[INFO ] 2021-05-03 20:13:31,360 [http-nio-7200-exec-4 | c.o.t.s.OwlimClusterWorkerRepository] X-Request-Id: 04b5c289-28fc-5434-a14e-43a5dcf86ca5 Version: 9.3, revision: 418926580
[INFO ] 2021-05-03 20:13:31,362 [http-nio-7200-exec-4 | c.o.t.s.OwlimClusterWorkerRepository] X-Request-Id: 04b5c289-28fc-5434-a14e-43a5dcf86ca5 Build date: Mon Jun 01 17:41:19 GMT 2020
[ERROR] 2021-05-03 20:13:31,372 [http-nio-7200-exec-4 | c.o.t.s.OwlimClusterWorkerRepository] X-Request-Id: 04b5c289-28fc-5434-a14e-43a5dcf86ca5 No software license was set. License can be set in one of the following ways (in order of preference): 
- System or config property 'graphdb.license.file'
- File 'graphdb.license' in config directory (/opt/graphdb/home/conf)
- Set through Workbench or API
Please refer to the documentation for more information on how to set the license.
[INFO ] 2021-05-03 20:19:17,278 [http-nio-7200-exec-6 | c.o.t.s.OwlimClusterWorkerRepository] X-Request-Id: 1c951d98-d4e0-5ff5-a33e-a3d1dc779f7d Version: 9.3, revision: 418926580
[INFO ] 2021-05-03 20:19:17,281 [http-nio-7200-exec-6 | c.o.t.s.OwlimClusterWorkerRepository] X-Request-Id: 1c951d98-d4e0-5ff5-a33e-a3d1dc779f7d Build date: Mon Jun 01 17:41:19 GMT 2020
[ERROR] 2021-05-03 20:19:17,282 [http-nio-7200-exec-6 | c.o.t.s.OwlimClusterWorkerRepository] X-Request-Id: 1c951d98-d4e0-5ff5-a33e-a3d1dc779f7d No software license was set. License can be set in one of the following ways (in order of preference): 
- System or config property 'graphdb.license.file'
- File 'graphdb.license' in config directory (/opt/graphdb/home/conf)
- Set through Workbench or API
Please refer to the documentation for more information on how to set the license.
[INFO ] 2021-05-03 20:20:33,660 [repositories/Temperature | c.o.t.s.OwlimClusterWorkerRepository] X-Request-Id: 9de42e21-2a9d-5769-9379-55397839db5f Version: 9.3, revision: 418926580
[INFO ] 2021-05-03 20:20:33,661 [repositories/Temperature | c.o.t.s.OwlimClusterWorkerRepository] X-Request-Id: 9de42e21-2a9d-5769-9379-55397839db5f Build date: Mon Jun 01 17:41:19 GMT 2020
[ERROR] 2021-05-03 20:20:33,662 [repositories/Temperature | c.o.t.s.OwlimClusterWorkerRepository] X-Request-Id: 9de42e21-2a9d-5769-9379-55397839db5f No software license was set. License can be set in one of the following ways (in order of preference): 
- System or config property 'graphdb.license.file'
- File 'graphdb.license' in config directory (/opt/graphdb/home/conf)
- Set through Workbench or API
Please refer to the documentation for more information on how to set the license.
[ERROR] 2021-05-03 20:20:33,682 [repositories/Temperature | c.o.f.s.GraphDBProtocolExceptionResolver] X-Request-Id: 9de42e21-2a9d-5769-9379-55397839db5f Error while handling request (500)
org.eclipse.rdf4j.http.server.ServerHTTPException: org.eclipse.rdf4j.repository.RepositoryException: org.eclipse.rdf4j.sail.SailException: No software license set.
	at org.eclipse.rdf4j.http.server.repository.RepositoryInterceptor.setRequestAttributes(RepositoryInterceptor.java:113)
	at org.eclipse.rdf4j.http.server.ServerInterceptor.preHandle(ServerInterceptor.java:32)
	at org.eclipse.rdf4j.http.server.repository.RepositoryInterceptor.preHandle(RepositoryInterceptor.java:82)
	at com.ontotext.forest.sesame.ForestRepositoryInterceptor.preHandle(ForestRepositoryInterceptor.java:31)
	at com.ontotext.forest.sesame.ForestRepositoryInterceptor$$FastClassBySpringCGLIB$$d99bcd9f.invoke(<generated>)
	at org.springframework.cglib.proxy.MethodProxy.invoke(MethodProxy.java:218)
	at org.springframework.aop.framework.CglibAopProxy$CglibMethodInvocation.invokeJoinpoint(CglibAopProxy.java:752)
	at org.springframework.aop.framework.ReflectiveMethodInvocation.proceed(ReflectiveMethodInvocation.java:163)
	at org.springframework.aop.support.DelegatingIntroductionInterceptor.doProceed(DelegatingIntroductionInterceptor.java:136)
	at org.springframework.aop.support.DelegatingIntroductionInterceptor.invoke(DelegatingIntroductionInterceptor.java:124)
	at org.springframework.aop.framework.ReflectiveMethodInvocation.proceed(ReflectiveMethodInvocation.java:186)
	at org.springframework.aop.framework.CglibAopProxy$DynamicAdvisedInterceptor.intercept(CglibAopProxy.java:691)
	at com.ontotext.forest.sesame.ForestRepositoryInterceptor$$EnhancerBySpringCGLIB$$bec403c1.preHandle(<generated>)
	at org.springframework.web.servlet.HandlerExecutionChain.applyPreHandle(HandlerExecutionChain.java:137)
	at org.springframework.web.servlet.DispatcherServlet.doDispatch(DispatcherServlet.java:1035)
	at org.springframework.web.servlet.DispatcherServlet.doService(DispatcherServlet.java:943)
	at org.springframework.web.servlet.FrameworkServlet.processRequest(FrameworkServlet.java:1006)
	at org.springframework.web.servlet.FrameworkServlet.doGet(FrameworkServlet.java:898)
	at javax.servlet.http.HttpServlet.service(HttpServlet.java:634)
	at org.springframework.web.servlet.FrameworkServlet.service(FrameworkServlet.java:883)
	at javax.servlet.http.HttpServlet.service(HttpServlet.java:741)
	at org.apache.catalina.core.ApplicationFilterChain.internalDoFilter(ApplicationFilterChain.java:231)
	at org.apache.catalina.core.ApplicationFilterChain.doFilter(ApplicationFilterChain.java:166)
	at com.ontotext.forest.core.request.RequestFilter.doFilterInternal(RequestFilter.java:45)
	at org.springframework.web.filter.OncePerRequestFilter.doFilter(OncePerRequestFilter.java:119)
	at org.apache.catalina.core.ApplicationFilterChain.internalDoFilter(ApplicationFilterChain.java:193)
	at org.apache.catalina.core.ApplicationFilterChain.doFilter(ApplicationFilterChain.java:166)
	at org.springframework.web.filter.CharacterEncodingFilter.doFilterInternal(CharacterEncodingFilter.java:201)
	at org.springframework.web.filter.OncePerRequestFilter.doFilter(OncePerRequestFilter.java:119)
	at org.apache.catalina.core.ApplicationFilterChain.internalDoFilter(ApplicationFilterChain.java:193)
	at org.apache.catalina.core.ApplicationFilterChain.doFilter(ApplicationFilterChain.java:166)
	at com.github.ziplet.filter.compression.CompressingFilter.doFilter(CompressingFilter.java:263)
	at org.apache.catalina.core.ApplicationFilterChain.internalDoFilter(ApplicationFilterChain.java:193)
	at org.apache.catalina.core.ApplicationFilterChain.doFilter(ApplicationFilterChain.java:166)
	at com.ontotext.forest.security.AdminDelegatingFilterProxy.doFilter(AdminDelegatingFilterProxy.java:34)
	at org.springframework.web.filter.DelegatingFilterProxy.invokeDelegate(DelegatingFilterProxy.java:358)
	at org.springframework.web.filter.DelegatingFilterProxy.doFilter(DelegatingFilterProxy.java:271)
	at org.apache.catalina.core.ApplicationFilterChain.internalDoFilter(ApplicationFilterChain.java:193)
	at org.apache.catalina.core.ApplicationFilterChain.doFilter(ApplicationFilterChain.java:166)
	at org.apache.catalina.core.StandardWrapperValve.invoke(StandardWrapperValve.java:202)
	at org.apache.catalina.core.StandardContextValve.invoke(StandardContextValve.java:96)
	at org.apache.catalina.authenticator.AuthenticatorBase.invoke(AuthenticatorBase.java:541)
	at org.apache.catalina.core.StandardHostValve.invoke(StandardHostValve.java:139)
	at org.apache.catalina.valves.ErrorReportValve.invoke(ErrorReportValve.java:92)
	at org.apache.catalina.core.StandardEngineValve.invoke(StandardEngineValve.java:74)
	at org.apache.catalina.connector.CoyoteAdapter.service(CoyoteAdapter.java:343)
	at org.apache.coyote.http11.Http11Processor.service(Http11Processor.java:373)
	at org.apache.coyote.AbstractProcessorLight.process(AbstractProcessorLight.java:65)
	at org.apache.coyote.AbstractProtocol$ConnectionHandler.process(AbstractProtocol.java:868)
	at org.apache.tomcat.util.net.NioEndpoint$SocketProcessor.doRun(NioEndpoint.java:1590)
	at org.apache.tomcat.util.net.SocketProcessorBase.run(SocketProcessorBase.java:49)
	at java.base/java.util.concurrent.ThreadPoolExecutor.runWorker(ThreadPoolExecutor.java:1128)
	at java.base/java.util.concurrent.ThreadPoolExecutor$Worker.run(ThreadPoolExecutor.java:628)
	at org.apache.tomcat.util.threads.TaskThread$WrappingRunnable.run(TaskThread.java:61)
	at java.base/java.lang.Thread.run(Thread.java:829)
Caused by: org.eclipse.rdf4j.repository.RepositoryException: org.eclipse.rdf4j.sail.SailException: No software license set.
	at org.eclipse.rdf4j.repository.sail.SailRepository.initializeInternal(SailRepository.java:153)
	at org.eclipse.rdf4j.repository.base.AbstractRepository.init(AbstractRepository.java:39)
	at org.eclipse.rdf4j.repository.base.AbstractRepository.initialize(AbstractRepository.java:31)
	at org.eclipse.rdf4j.repository.base.RepositoryWrapper.initialize(RepositoryWrapper.java:64)
	at com.ontotext.trree.replicationcluster.ReplicationClusterWorker.access$201(ReplicationClusterWorker.java:52)
	at com.ontotext.trree.replicationcluster.ReplicationClusterWorker$2.call(ReplicationClusterWorker.java:857)
	at com.ontotext.trree.replicationcluster.ReplicationClusterWorker$2.call(ReplicationClusterWorker.java:853)
	at java.base/java.util.concurrent.FutureTask.run(FutureTask.java:264)
	at com.ontotext.trree.replicationcluster.ReplicationClusterWorker.initialize(ReplicationClusterWorker.java:66)
	at org.eclipse.rdf4j.repository.Repository.init(Repository.java:61)
	at org.eclipse.rdf4j.repository.manager.LocalRepositoryManager.createRepository(LocalRepositoryManager.java:258)
	at com.ontotext.graphdb.GraphDBRepositoryManager.createRepository(GraphDBRepositoryManager.java:371)
	at com.ontotext.graphdb.GraphDBRepositoryManager$FutureRepository.lambda$new$0(GraphDBRepositoryManager.java:58)
	at java.base/java.util.concurrent.FutureTask.run(FutureTask.java:264)
	at com.ontotext.graphdb.GraphDBRepositoryManager.getRepository(GraphDBRepositoryManager.java:331)
	at org.eclipse.rdf4j.http.server.repository.RepositoryInterceptor.setRequestAttributes(RepositoryInterceptor.java:105)
	... 54 common frames omitted
Caused by: org.eclipse.rdf4j.sail.SailException: org.eclipse.rdf4j.sail.SailException: No software license set.
	at com.ontotext.trree.OwlimSchemaRepository.initializeInternal(OwlimSchemaRepository.java:322)
	at org.eclipse.rdf4j.sail.helpers.AbstractSail.init(AbstractSail.java:190)
	at org.eclipse.rdf4j.repository.sail.SailRepository.initializeInternal(SailRepository.java:146)
	... 69 common frames omitted
Caused by: org.eclipse.rdf4j.sail.SailException: No software license set.
	at com.ontotext.trree.OwlimSchemaRepository.verifySoftwareLicense(OwlimSchemaRepository.java:1694)
	at com.ontotext.trree.OwlimSchemaRepository.initializeInternal(OwlimSchemaRepository.java:183)
	... 71 common frames omitted
[INFO ] 2021-05-03 20:43:47,776 [Thread-2 | c.o.g.s.GraphDB] Stopping GraphDB.
[INFO ] 2021-05-03 20:43:48,352 [Thread-2 | c.o.f.c.s.SemanticDataManagement] Shutting down current semantic location
